<?xml version="1.0" encoding="UTF-8"?>
<!-- Generated by org.testng.reporters.JUnitReportReporter -->
<testsuite hostname="ilu" failures="0" tests="4" name="api.test.UserTests" time="17.803" errors="0" timestamp="2024-10-12T02:02:32 IST" skipped="0">
  <testcase classname="api.test.UserTests" name="testPostUser" time="6.414"/>
  <testcase classname="api.test.UserTests" name="testGetUserByName" time="2.553"/>
  <testcase classname="api.test.UserTests" name="testUpdateUserByName" time="6.964"/>
  <testcase classname="api.test.UserTests" name="testDeleteUserByName" time="1.872"/>
</testsuite> <!-- api.test.UserTests -->
