<?xml version="1.0" encoding="UTF-8"?>
<!-- Generated by org.testng.reporters.JUnitReportReporter -->
<testsuite hostname="ilu" failures="0" tests="6" name="api.test.DDTests" time="10.049" errors="0" timestamp="2024-10-11T23:21:47 IST" skipped="0">
  <testcase classname="api.test.DDTests" name="testPostUser" time="1.342"/>
  <testcase classname="api.test.DDTests" name="testPostUser" time="3.197"/>
  <testcase classname="api.test.DDTests" name="testPostUser" time="1.393"/>
  <testcase classname="api.test.DDTests" name="testDeleteUserByName" time="1.367"/>
  <testcase classname="api.test.DDTests" name="testDeleteUserByName" time="1.369"/>
  <testcase classname="api.test.DDTests" name="testDeleteUserByName" time="1.381"/>
</testsuite> <!-- api.test.DDTests -->
